2023-11-11 18:12:44.457 -06:00 [INF] clonezilla-util v2.0.4
2023-11-11 18:12:44.713 -06:00 [INF] [2023-11-11-21-img] [sda1] Finding optimal decompressor (seekable/sequential)
2023-11-11 18:12:53.516 -06:00 [INF] [2023-11-11-21-img] [sda1] Loading partition information
2023-11-11 18:12:53.909 -06:00 [INF] Waiting for J:\ to be available.
2023-11-11 18:12:54.045 -06:00 [INF] [2023-11-11-21-img] [sda1] Retrieving a list of files.
2023-11-11 18:15:10.397 -06:00 [INF] clonezilla-util v2.0.4
2023-11-11 18:15:10.652 -06:00 [INF] [2023-11-11-21-img] [sda1] Finding optimal decompressor (seekable/sequential)
2023-11-11 18:15:18.863 -06:00 [INF] [2023-11-11-21-img] [sda1] Loading partition information
2023-11-11 18:15:19.258 -06:00 [INF] Waiting for J:\ to be available.
2023-11-11 18:15:19.383 -06:00 [INF] [2023-11-11-21-img] [sda1] Retrieving a list of files.
2023-11-11 18:17:20.821 -06:00 [INF] clonezilla-util v2.0.4
2023-11-11 18:17:21.074 -06:00 [INF] [2023-11-11-21-img] [sda1] Finding optimal decompressor (seekable/sequential)
2023-11-11 18:17:29.214 -06:00 [INF] [2023-11-11-21-img] [sda1] Loading partition information
2023-11-11 18:17:29.601 -06:00 [INF] Waiting for J:\ to be available.
2023-11-11 18:17:29.727 -06:00 [INF] [2023-11-11-21-img] [sda1] Retrieving a list of files.
2023-11-11 18:19:32.425 -06:00 [INF] clonezilla-util v2.0.4
2023-11-11 18:19:32.680 -06:00 [INF] [2023-11-11-21-img] [sda1] Finding optimal decompressor (seekable/sequential)
2023-11-11 18:19:40.786 -06:00 [INF] [2023-11-11-21-img] [sda1] Loading partition information
2023-11-11 18:19:41.172 -06:00 [INF] Waiting for L:\ to be available.
2023-11-11 18:19:41.306 -06:00 [INF] [2023-11-11-21-img] [sda1] Retrieving a list of files.
2023-11-11 18:23:52.328 -06:00 [INF] clonezilla-util v2.0.4
2023-11-11 18:23:52.620 -06:00 [INF] [2023-11-11-21-img] [sda1] Finding optimal decompressor (seekable/sequential)
2023-11-11 18:24:02.751 -06:00 [INF] [2023-11-11-21-img] [sda1] uses Zstandard compression, which is not seekable. Extracting first.
2023-11-11 18:24:02.873 -06:00 [INF] Using cached file: E:\bin\clonezilla-util\cache\6f4b3b9bd98e638b39662b11c76340a5\cache.train
2023-11-11 18:24:03.021 -06:00 [INF] [2023-11-11-21-img] [sda1] Loading partition information
2023-11-11 18:24:03.460 -06:00 [INF] Waiting for L:\ to be available.
2023-11-11 18:24:03.587 -06:00 [INF] [2023-11-11-21-img] [sda1] Retrieving a list of files.
2023-11-11 18:24:33.206 -06:00 [INF] [2023-11-11-21-img] [sda1] 7zFM.exe will be used to extract files from this partition.
2023-11-11 18:25:31.798 -06:00 [ERR] Error while finding parent of Journal
2023-11-11 18:25:31.804 -06:00 [ERR] Could not find [SYS] in folderLookup
2023-11-11 18:25:31.818 -06:00 [INF] Mounting complete. Mounted to: L:\
2023-11-11 18:27:40.439 -06:00 [INF] clonezilla-util v2.0.4
2023-11-11 18:27:40.695 -06:00 [INF] [2023-11-11-21-img] [sda1] Finding optimal decompressor (seekable/sequential)
2023-11-11 18:27:50.786 -06:00 [INF] [2023-11-11-21-img] [sda1] uses Zstandard compression, which is not seekable. Extracting first.
2023-11-11 18:27:50.900 -06:00 [INF] Using cached file: E:\bin\clonezilla-util\cache\6f4b3b9bd98e638b39662b11c76340a5\cache.train
2023-11-11 18:27:50.969 -06:00 [INF] [2023-11-11-21-img] [sda1] Loading partition information
2023-11-11 18:27:51.390 -06:00 [INF] Waiting for L:\ to be available.
2023-11-11 18:27:51.516 -06:00 [INF] [2023-11-11-21-img] [sda1] Retrieving a list of files.
2023-11-11 18:28:20.742 -06:00 [INF] [2023-11-11-21-img] [sda1] 7zFM.exe will be used to extract files from this partition.
2023-11-11 18:29:09.619 -06:00 [ERR] Error while finding parent of Journal
2023-11-11 18:29:09.620 -06:00 [ERR] Could not find [SYS] in folderLookup
2023-11-11 18:29:09.632 -06:00 [INF] Mounting complete. Mounted to: L:\
